-------------------------------------------------------------------------------
Test set: test.es.gob.jmulticard.apdu.connection.cwa14890.TestApduEncrypter
-------------------------------------------------------------------------------
Tests run: 5, Failures: 0, Errors: 2, Skipped: 0, Time elapsed: 1.14 sec <<< FAILURE!
testCMacGeneration(test.es.gob.jmulticard.apdu.connection.cwa14890.TestApduEncrypter)  Time elapsed: 0.5 sec  <<< ERROR!
java.io.IOException: java.lang.SecurityException: JCE cannot authenticate the provider SC
	at test.es.gob.jmulticard.apdu.connection.cwa14890.TestApduEncrypter.generateMac(TestApduEncrypter.java:250)
	at test.es.gob.jmulticard.apdu.connection.cwa14890.TestApduEncrypter.testCMacGeneration(TestApduEncrypter.java:71)
	at sun.reflect.NativeMethodAccessorImpl.invoke0(Native Method)
	at sun.reflect.NativeMethodAccessorImpl.invoke(NativeMethodAccessorImpl.java:39)
	at sun.reflect.DelegatingMethodAccessorImpl.invoke(DelegatingMethodAccessorImpl.java:25)
	at java.lang.reflect.Method.invoke(Method.java:597)
	at org.junit.runners.model.FrameworkMethod$1.runReflectiveCall(FrameworkMethod.java:44)
	at org.junit.internal.runners.model.ReflectiveCallable.run(ReflectiveCallable.java:15)
	at org.junit.runners.model.FrameworkMethod.invokeExplosively(FrameworkMethod.java:41)
	at org.junit.internal.runners.statements.InvokeMethod.evaluate(InvokeMethod.java:20)
	at org.junit.runners.BlockJUnit4ClassRunner.runNotIgnored(BlockJUnit4ClassRunner.java:79)
	at org.junit.runners.BlockJUnit4ClassRunner.runChild(BlockJUnit4ClassRunner.java:71)
	at org.junit.runners.BlockJUnit4ClassRunner.runChild(BlockJUnit4ClassRunner.java:49)
	at org.junit.runners.ParentRunner$3.run(ParentRunner.java:193)
	at org.junit.runners.ParentRunner$1.schedule(ParentRunner.java:52)
	at org.junit.runners.ParentRunner.runChildren(ParentRunner.java:191)
	at org.junit.runners.ParentRunner.access$000(ParentRunner.java:42)
	at org.junit.runners.ParentRunner$2.evaluate(ParentRunner.java:184)
	at org.junit.runners.ParentRunner.run(ParentRunner.java:236)
	at org.apache.maven.surefire.junit4.JUnit4TestSet.execute(JUnit4TestSet.java:53)
	at org.apache.maven.surefire.junit4.JUnit4Provider.executeTestSet(JUnit4Provider.java:123)
	at org.apache.maven.surefire.junit4.JUnit4Provider.invoke(JUnit4Provider.java:104)
	at sun.reflect.NativeMethodAccessorImpl.invoke0(Native Method)
	at sun.reflect.NativeMethodAccessorImpl.invoke(NativeMethodAccessorImpl.java:39)
	at sun.reflect.DelegatingMethodAccessorImpl.invoke(DelegatingMethodAccessorImpl.java:25)
	at java.lang.reflect.Method.invoke(Method.java:597)
	at org.apache.maven.surefire.util.ReflectionUtils.invokeMethodWithArray(ReflectionUtils.java:164)
	at org.apache.maven.surefire.booter.ProviderFactory$ProviderProxy.invoke(ProviderFactory.java:110)
	at org.apache.maven.surefire.booter.SurefireStarter.invokeProvider(SurefireStarter.java:175)
	at org.apache.maven.surefire.booter.SurefireStarter.runSuitesInProcessWhenForked(SurefireStarter.java:107)
	at org.apache.maven.surefire.booter.ForkedBooter.main(ForkedBooter.java:68)
Caused by: java.lang.SecurityException: JCE cannot authenticate the provider SC
	at javax.crypto.SunJCE_b.a(DashoA13*..)
	at javax.crypto.Mac.getInstance(DashoA13*..)
	at test.es.gob.jmulticard.apdu.connection.cwa14890.TestApduEncrypter.generateMac(TestApduEncrypter.java:246)
	... 30 more
Caused by: java.util.jar.JarException: Cannot parse file:/D:/.m2/repository/com/madgag/spongycastle/prov/1.54.0.0/prov-1.54.0.0.jar
	at javax.crypto.SunJCE_c.a(DashoA13*..)
	at javax.crypto.SunJCE_b.b(DashoA13*..)
	at javax.crypto.SunJCE_b.a(DashoA13*..)
	... 33 more
testEncryptionAes(test.es.gob.jmulticard.apdu.connection.cwa14890.TestApduEncrypter)  Time elapsed: 0.422 sec  <<< ERROR!
java.io.IOException: java.lang.SecurityException: JCE cannot authenticate the provider SC
	at test.es.gob.jmulticard.apdu.connection.cwa14890.TestApduEncrypter.generateMac(TestApduEncrypter.java:250)
	at es.gob.jmulticard.apdu.connection.ApduEncrypter.protectAPDU(ApduEncrypter.java:118)
	at test.es.gob.jmulticard.apdu.connection.cwa14890.TestApduEncrypter.testEncryptionAes(TestApduEncrypter.java:97)
	at sun.reflect.NativeMethodAccessorImpl.invoke0(Native Method)
	at sun.reflect.NativeMethodAccessorImpl.invoke(NativeMethodAccessorImpl.java:39)
	at sun.reflect.DelegatingMethodAccessorImpl.invoke(DelegatingMethodAccessorImpl.java:25)
	at java.lang.reflect.Method.invoke(Method.java:597)
	at org.junit.runners.model.FrameworkMethod$1.runReflectiveCall(FrameworkMethod.java:44)
	at org.junit.internal.runners.model.ReflectiveCallable.run(ReflectiveCallable.java:15)
	at org.junit.runners.model.FrameworkMethod.invokeExplosively(FrameworkMethod.java:41)
	at org.junit.internal.runners.statements.InvokeMethod.evaluate(InvokeMethod.java:20)
	at org.junit.runners.BlockJUnit4ClassRunner.runNotIgnored(BlockJUnit4ClassRunner.java:79)
	at org.junit.runners.BlockJUnit4ClassRunner.runChild(BlockJUnit4ClassRunner.java:71)
	at org.junit.runners.BlockJUnit4ClassRunner.runChild(BlockJUnit4ClassRunner.java:49)
	at org.junit.runners.ParentRunner$3.run(ParentRunner.java:193)
	at org.junit.runners.ParentRunner$1.schedule(ParentRunner.java:52)
	at org.junit.runners.ParentRunner.runChildren(ParentRunner.java:191)
	at org.junit.runners.ParentRunner.access$000(ParentRunner.java:42)
	at org.junit.runners.ParentRunner$2.evaluate(ParentRunner.java:184)
	at org.junit.runners.ParentRunner.run(ParentRunner.java:236)
	at org.apache.maven.surefire.junit4.JUnit4TestSet.execute(JUnit4TestSet.java:53)
	at org.apache.maven.surefire.junit4.JUnit4Provider.executeTestSet(JUnit4Provider.java:123)
	at org.apache.maven.surefire.junit4.JUnit4Provider.invoke(JUnit4Provider.java:104)
	at sun.reflect.NativeMethodAccessorImpl.invoke0(Native Method)
	at sun.reflect.NativeMethodAccessorImpl.invoke(NativeMethodAccessorImpl.java:39)
	at sun.reflect.DelegatingMethodAccessorImpl.invoke(DelegatingMethodAccessorImpl.java:25)
	at java.lang.reflect.Method.invoke(Method.java:597)
	at org.apache.maven.surefire.util.ReflectionUtils.invokeMethodWithArray(ReflectionUtils.java:164)
	at org.apache.maven.surefire.booter.ProviderFactory$ProviderProxy.invoke(ProviderFactory.java:110)
	at org.apache.maven.surefire.booter.SurefireStarter.invokeProvider(SurefireStarter.java:175)
	at org.apache.maven.surefire.booter.SurefireStarter.runSuitesInProcessWhenForked(SurefireStarter.java:107)
	at org.apache.maven.surefire.booter.ForkedBooter.main(ForkedBooter.java:68)
Caused by: java.lang.SecurityException: JCE cannot authenticate the provider SC
	at javax.crypto.SunJCE_b.a(DashoA13*..)
	at javax.crypto.Mac.getInstance(DashoA13*..)
	at test.es.gob.jmulticard.apdu.connection.cwa14890.TestApduEncrypter.generateMac(TestApduEncrypter.java:246)
	... 31 more
Caused by: java.util.jar.JarException: Cannot parse file:/D:/.m2/repository/com/madgag/spongycastle/prov/1.54.0.0/prov-1.54.0.0.jar
	at javax.crypto.SunJCE_c.a(DashoA13*..)
	at javax.crypto.SunJCE_b.b(DashoA13*..)
	at javax.crypto.SunJCE_b.a(DashoA13*..)
	... 34 more
