-------------------------------------------------------------------------------
Test set: es.gob.jmulticard.TestCeres
-------------------------------------------------------------------------------
Tests run: 1, Failures: 0, Errors: 1, Skipped: 0, Time elapsed: 0.75 sec <<< FAILURE!
testCeresUIPasswordCallbackSpecialCharsOnPin(es.gob.jmulticard.TestCeres)  Time elapsed: 0.703 sec  <<< ERROR!
es.gob.jmulticard.apdu.connection.NoReadersFoundException: No se han podido listar los lectores del sistema: javax.smartcardio.CardException: list() failed: javax.smartcardio.CardException: list() failed
	at es.gob.jmulticard.jse.smartcardio.SmartcardIoConnection.open(SmartcardIoConnection.java:191)
	at es.gob.jmulticard.card.fnmt.ceres.Ceres.connect(Ceres.java:161)
	at es.gob.jmulticard.card.fnmt.ceres.Ceres.<init>(Ceres.java:178)
	at es.gob.jmulticard.TestCeres.testCeresUIPasswordCallbackSpecialCharsOnPin(TestCeres.java:60)
	at sun.reflect.NativeMethodAccessorImpl.invoke0(Native Method)
	at sun.reflect.NativeMethodAccessorImpl.invoke(NativeMethodAccessorImpl.java:39)
	at sun.reflect.DelegatingMethodAccessorImpl.invoke(DelegatingMethodAccessorImpl.java:25)
	at java.lang.reflect.Method.invoke(Method.java:597)
	at org.junit.runners.model.FrameworkMethod$1.runReflectiveCall(FrameworkMethod.java:44)
	at org.junit.internal.runners.model.ReflectiveCallable.run(ReflectiveCallable.java:15)
	at org.junit.runners.model.FrameworkMethod.invokeExplosively(FrameworkMethod.java:41)
	at org.junit.internal.runners.statements.InvokeMethod.evaluate(InvokeMethod.java:20)
	at org.junit.runners.BlockJUnit4ClassRunner.runNotIgnored(BlockJUnit4ClassRunner.java:79)
	at org.junit.runners.BlockJUnit4ClassRunner.runChild(BlockJUnit4ClassRunner.java:71)
	at org.junit.runners.BlockJUnit4ClassRunner.runChild(BlockJUnit4ClassRunner.java:49)
	at org.junit.runners.ParentRunner$3.run(ParentRunner.java:193)
	at org.junit.runners.ParentRunner$1.schedule(ParentRunner.java:52)
	at org.junit.runners.ParentRunner.runChildren(ParentRunner.java:191)
	at org.junit.runners.ParentRunner.access$000(ParentRunner.java:42)
	at org.junit.runners.ParentRunner$2.evaluate(ParentRunner.java:184)
	at org.junit.runners.ParentRunner.run(ParentRunner.java:236)
	at org.apache.maven.surefire.junit4.JUnit4TestSet.execute(JUnit4TestSet.java:53)
	at org.apache.maven.surefire.junit4.JUnit4Provider.executeTestSet(JUnit4Provider.java:123)
	at org.apache.maven.surefire.junit4.JUnit4Provider.invoke(JUnit4Provider.java:104)
	at sun.reflect.NativeMethodAccessorImpl.invoke0(Native Method)
	at sun.reflect.NativeMethodAccessorImpl.invoke(NativeMethodAccessorImpl.java:39)
	at sun.reflect.DelegatingMethodAccessorImpl.invoke(DelegatingMethodAccessorImpl.java:25)
	at java.lang.reflect.Method.invoke(Method.java:597)
	at org.apache.maven.surefire.util.ReflectionUtils.invokeMethodWithArray(ReflectionUtils.java:164)
	at org.apache.maven.surefire.booter.ProviderFactory$ProviderProxy.invoke(ProviderFactory.java:110)
	at org.apache.maven.surefire.booter.SurefireStarter.invokeProvider(SurefireStarter.java:175)
	at org.apache.maven.surefire.booter.SurefireStarter.runSuitesInProcessWhenForked(SurefireStarter.java:107)
	at org.apache.maven.surefire.booter.ForkedBooter.main(ForkedBooter.java:68)
Caused by: javax.smartcardio.CardException: list() failed
	at sun.security.smartcardio.PCSCTerminals.list(PCSCTerminals.java:109)
	at javax.smartcardio.CardTerminals.list(CardTerminals.java:55)
	at es.gob.jmulticard.jse.smartcardio.SmartcardIoConnection.open(SmartcardIoConnection.java:188)
	... 32 more
Caused by: sun.security.smartcardio.PCSCException: SCARD_E_NO_READERS_AVAILABLE
	at sun.security.smartcardio.PCSC.SCardListReaders(Native Method)
	at sun.security.smartcardio.PCSCTerminals.list(PCSCTerminals.java:63)
	... 34 more
